mode: atomic
github.com/hbontempo-br/book-downloader-api/api/DTOs/book.go:14.53,16.2 1 0
github.com/hbontempo-br/book-downloader-api/api/DTOs/book_link.go:11.47,13.2 1 0
github.com/hbontempo-br/book-downloader-api/api/DTOs/book_status.go:7.67,9.2 1 0
github.com/hbontempo-br/book-downloader-api/api/models/book.go:21.37,23.2 1 0
github.com/hbontempo-br/book-downloader-api/api/models/book.go:25.37,27.2 1 0
github.com/hbontempo-br/book-downloader-api/api/models/book_status.go:10.43,12.2 1 0
github.com/hbontempo-br/book-downloader-api/api/models/book_status.go:14.44,16.2 1 0
github.com/hbontempo-br/book-downloader-api/api/controllers/book_status.go:9.73,11.2 1 0
github.com/hbontempo-br/book-downloader-api/api/controllers/book_status.go:15.82,18.69 3 0
github.com/hbontempo-br/book-downloader-api/api/controllers/book_status.go:22.2,22.20 1 0
github.com/hbontempo-br/book-downloader-api/api/controllers/book_status.go:18.69,21.3 2 0
github.com/hbontempo-br/book-downloader-api/api/controllers/book_status.go:25.94,33.34 6 0
github.com/hbontempo-br/book-downloader-api/api/controllers/book_status.go:37.2,37.53 1 0
github.com/hbontempo-br/book-downloader-api/api/controllers/book_status.go:41.2,41.21 1 0
github.com/hbontempo-br/book-downloader-api/api/controllers/book_status.go:33.34,36.3 2 0
github.com/hbontempo-br/book-downloader-api/api/controllers/book_status.go:37.53,40.3 2 0
github.com/hbontempo-br/book-downloader-api/api/controllers/base.go:16.39,18.2 1 0
github.com/hbontempo-br/book-downloader-api/api/controllers/base.go:24.35,25.32 1 0
github.com/hbontempo-br/book-downloader-api/api/controllers/base.go:28.2,28.32 1 0
github.com/hbontempo-br/book-downloader-api/api/controllers/base.go:32.2,32.10 1 0
github.com/hbontempo-br/book-downloader-api/api/controllers/base.go:25.32,27.3 1 0
github.com/hbontempo-br/book-downloader-api/api/controllers/base.go:28.32,30.3 1 0
github.com/hbontempo-br/book-downloader-api/api/controllers/base.go:35.67,39.2 3 0
github.com/hbontempo-br/book-downloader-api/api/controllers/base.go:41.73,46.2 4 0
github.com/hbontempo-br/book-downloader-api/api/controllers/base.go:48.79,51.2 2 0
github.com/hbontempo-br/book-downloader-api/api/controllers/book.go:10.61,12.2 1 0
github.com/hbontempo-br/book-downloader-api/api/controllers/book.go:16.69,18.83 2 0
github.com/hbontempo-br/book-downloader-api/api/controllers/book.go:23.2,23.12 1 0
github.com/hbontempo-br/book-downloader-api/api/controllers/book.go:18.83,21.3 2 0
github.com/hbontempo-br/book-downloader-api/api/controllers/book.go:26.78,33.34 6 0
github.com/hbontempo-br/book-downloader-api/api/controllers/book.go:37.2,37.61 1 0
github.com/hbontempo-br/book-downloader-api/api/controllers/book.go:42.2,42.19 1 0
github.com/hbontempo-br/book-downloader-api/api/controllers/book.go:33.34,36.3 2 0
github.com/hbontempo-br/book-downloader-api/api/controllers/book.go:37.61,40.3 2 0
github.com/hbontempo-br/book-downloader-api/api/controllers/book.go:45.107,49.20 3 0
github.com/hbontempo-br/book-downloader-api/api/controllers/book.go:53.2,54.69 2 0
github.com/hbontempo-br/book-downloader-api/api/controllers/book.go:59.2,62.100 3 0
github.com/hbontempo-br/book-downloader-api/api/controllers/book.go:66.2,66.26 1 0
github.com/hbontempo-br/book-downloader-api/api/controllers/book.go:49.20,51.3 1 0
github.com/hbontempo-br/book-downloader-api/api/controllers/book.go:54.69,57.3 2 0
github.com/hbontempo-br/book-downloader-api/api/controllers/book.go:62.100,65.3 2 0
github.com/hbontempo-br/book-downloader-api/api/controllers/book.go:69.87,71.2 1 0
github.com/hbontempo-br/book-downloader-api/api/controllers/book.go:73.88,77.20 3 0
github.com/hbontempo-br/book-downloader-api/api/controllers/book.go:82.2,90.78 4 0
github.com/hbontempo-br/book-downloader-api/api/controllers/book.go:94.2,94.19 1 0
github.com/hbontempo-br/book-downloader-api/api/controllers/book.go:77.20,80.3 2 0
github.com/hbontempo-br/book-downloader-api/api/controllers/book.go:90.78,93.3 2 0
github.com/hbontempo-br/book-downloader-api/api/controllers/book.go:97.96,101.22 4 0
github.com/hbontempo-br/book-downloader-api/api/controllers/book.go:105.2,106.61 2 0
github.com/hbontempo-br/book-downloader-api/api/controllers/book.go:110.2,110.12 1 0
github.com/hbontempo-br/book-downloader-api/api/controllers/book.go:101.22,104.3 2 0
github.com/hbontempo-br/book-downloader-api/api/controllers/book.go:106.61,109.3 2 0
github.com/hbontempo-br/book-downloader-api/main.go:24.79,50.2 17 0
github.com/hbontempo-br/book-downloader-api/main.go:52.13,58.19 3 0
github.com/hbontempo-br/book-downloader-api/main.go:61.2,63.15 2 0
github.com/hbontempo-br/book-downloader-api/main.go:70.2,73.18 4 0
github.com/hbontempo-br/book-downloader-api/main.go:78.2,80.18 3 0
github.com/hbontempo-br/book-downloader-api/main.go:85.2,93.12 4 0
github.com/hbontempo-br/book-downloader-api/main.go:100.2,108.42 7 0
github.com/hbontempo-br/book-downloader-api/main.go:112.2,112.32 1 0
github.com/hbontempo-br/book-downloader-api/main.go:58.19,59.16 1 0
github.com/hbontempo-br/book-downloader-api/main.go:63.15,64.27 1 0
github.com/hbontempo-br/book-downloader-api/main.go:64.27,66.4 1 0
github.com/hbontempo-br/book-downloader-api/main.go:73.18,74.15 1 0
github.com/hbontempo-br/book-downloader-api/main.go:80.18,81.15 1 0
github.com/hbontempo-br/book-downloader-api/main.go:93.12,94.86 1 0
github.com/hbontempo-br/book-downloader-api/main.go:94.86,96.4 1 0
github.com/hbontempo-br/book-downloader-api/main.go:108.42,110.3 1 0
github.com/hbontempo-br/book-downloader-api/config/environment.go:38.38,41.22 1 5
github.com/hbontempo-br/book-downloader-api/config/environment.go:45.2,47.16 3 2
github.com/hbontempo-br/book-downloader-api/config/environment.go:51.2,53.27 3 1
github.com/hbontempo-br/book-downloader-api/config/environment.go:41.22,44.3 2 3
github.com/hbontempo-br/book-downloader-api/config/environment.go:47.16,50.3 2 1
github.com/hbontempo-br/book-downloader-api/api/resources/base.go:17.100,20.20 3 0
github.com/hbontempo-br/book-downloader-api/api/resources/base.go:24.2,25.36 2 0
github.com/hbontempo-br/book-downloader-api/api/resources/base.go:29.2,31.13 3 0
github.com/hbontempo-br/book-downloader-api/api/resources/base.go:20.20,23.3 2 0
github.com/hbontempo-br/book-downloader-api/api/resources/base.go:25.36,28.3 2 0
github.com/hbontempo-br/book-downloader-api/api/resources/book.go:44.48,54.36 6 0
github.com/hbontempo-br/book-downloader-api/api/resources/book.go:63.2,66.37 2 0
github.com/hbontempo-br/book-downloader-api/api/resources/book.go:54.36,57.3 2 0
github.com/hbontempo-br/book-downloader-api/api/resources/book.go:57.8,57.23 1 0
github.com/hbontempo-br/book-downloader-api/api/resources/book.go:57.23,60.3 2 0
github.com/hbontempo-br/book-downloader-api/api/resources/book.go:69.51,79.36 6 0
github.com/hbontempo-br/book-downloader-api/api/resources/book.go:88.2,88.52 1 0
github.com/hbontempo-br/book-downloader-api/api/resources/book.go:94.2,97.39 2 0
github.com/hbontempo-br/book-downloader-api/api/resources/book.go:79.36,82.3 2 0
github.com/hbontempo-br/book-downloader-api/api/resources/book.go:82.8,82.23 1 0
github.com/hbontempo-br/book-downloader-api/api/resources/book.go:82.23,85.3 2 0
github.com/hbontempo-br/book-downloader-api/api/resources/book.go:88.52,91.3 2 0
github.com/hbontempo-br/book-downloader-api/api/resources/book.go:100.49,106.54 4 0
github.com/hbontempo-br/book-downloader-api/api/resources/book.go:112.2,114.16 3 0
github.com/hbontempo-br/book-downloader-api/api/resources/book.go:120.2,121.29 2 0
github.com/hbontempo-br/book-downloader-api/api/resources/book.go:124.2,127.37 2 0
github.com/hbontempo-br/book-downloader-api/api/resources/book.go:106.54,109.3 2 0
github.com/hbontempo-br/book-downloader-api/api/resources/book.go:114.16,117.3 2 0
github.com/hbontempo-br/book-downloader-api/api/resources/book.go:121.29,123.3 1 0
github.com/hbontempo-br/book-downloader-api/api/resources/book.go:130.48,136.49 4 0
github.com/hbontempo-br/book-downloader-api/api/resources/book.go:143.2,145.16 3 0
github.com/hbontempo-br/book-downloader-api/api/resources/book.go:151.2,159.39 4 0
github.com/hbontempo-br/book-downloader-api/api/resources/book.go:136.49,139.3 2 0
github.com/hbontempo-br/book-downloader-api/api/resources/book.go:145.16,148.3 2 0
github.com/hbontempo-br/book-downloader-api/api/resources/book.go:162.50,172.36 6 0
github.com/hbontempo-br/book-downloader-api/api/resources/book.go:182.2,183.50 2 0
github.com/hbontempo-br/book-downloader-api/api/resources/book.go:188.2,190.66 2 0
github.com/hbontempo-br/book-downloader-api/api/resources/book.go:172.36,175.3 2 0
github.com/hbontempo-br/book-downloader-api/api/resources/book.go:175.8,175.23 1 0
github.com/hbontempo-br/book-downloader-api/api/resources/book.go:175.23,178.3 2 0
github.com/hbontempo-br/book-downloader-api/api/resources/book.go:183.51,185.3 0 0
github.com/hbontempo-br/book-downloader-api/api/resources/book.go:185.8,187.3 1 0
github.com/hbontempo-br/book-downloader-api/api/resources/book.go:190.66,193.3 2 0
github.com/hbontempo-br/book-downloader-api/api/resources/book.go:196.54,205.58 5 0
github.com/hbontempo-br/book-downloader-api/api/resources/book.go:209.2,214.36 4 0
github.com/hbontempo-br/book-downloader-api/api/resources/book.go:222.2,223.50 2 0
github.com/hbontempo-br/book-downloader-api/api/resources/book.go:228.2,235.37 3 0
github.com/hbontempo-br/book-downloader-api/api/resources/book.go:205.58,208.3 2 0
github.com/hbontempo-br/book-downloader-api/api/resources/book.go:214.36,217.3 2 0
github.com/hbontempo-br/book-downloader-api/api/resources/book.go:217.8,217.23 1 0
github.com/hbontempo-br/book-downloader-api/api/resources/book.go:217.23,220.3 2 0
github.com/hbontempo-br/book-downloader-api/api/resources/book.go:223.51,225.3 0 0
github.com/hbontempo-br/book-downloader-api/api/resources/book.go:225.8,227.3 1 0
github.com/hbontempo-br/book-downloader-api/api/resources/book.go:239.84,243.36 3 0
github.com/hbontempo-br/book-downloader-api/api/resources/book.go:248.2,250.16 3 0
github.com/hbontempo-br/book-downloader-api/api/resources/book.go:255.2,256.50 2 0
github.com/hbontempo-br/book-downloader-api/api/resources/book.go:261.2,261.115 1 0
github.com/hbontempo-br/book-downloader-api/api/resources/book.go:266.2,267.72 2 0
github.com/hbontempo-br/book-downloader-api/api/resources/book.go:272.2,272.13 1 0
github.com/hbontempo-br/book-downloader-api/api/resources/book.go:243.36,247.3 3 0
github.com/hbontempo-br/book-downloader-api/api/resources/book.go:250.16,253.3 2 0
github.com/hbontempo-br/book-downloader-api/api/resources/book.go:256.51,258.3 0 0
github.com/hbontempo-br/book-downloader-api/api/resources/book.go:258.8,260.3 1 0
github.com/hbontempo-br/book-downloader-api/api/resources/book.go:261.115,264.3 2 0
github.com/hbontempo-br/book-downloader-api/api/resources/book.go:267.72,270.3 2 0
github.com/hbontempo-br/book-downloader-api/api/resources/book.go:275.84,278.20 3 0
github.com/hbontempo-br/book-downloader-api/api/resources/book.go:283.2,285.16 3 0
github.com/hbontempo-br/book-downloader-api/api/resources/book.go:289.2,291.51 2 0
github.com/hbontempo-br/book-downloader-api/api/resources/book.go:296.2,302.12 3 0
github.com/hbontempo-br/book-downloader-api/api/resources/book.go:278.20,281.3 2 0
github.com/hbontempo-br/book-downloader-api/api/resources/book.go:285.16,288.3 2 0
github.com/hbontempo-br/book-downloader-api/api/resources/book.go:291.51,294.3 2 0
github.com/hbontempo-br/book-downloader-api/api/resources/book_status.go:17.54,24.16 5 0
github.com/hbontempo-br/book-downloader-api/api/resources/book_status.go:30.2,31.46 2 0
github.com/hbontempo-br/book-downloader-api/api/resources/book_status.go:36.2,36.33 1 0
github.com/hbontempo-br/book-downloader-api/api/resources/book_status.go:24.16,27.3 2 0
github.com/hbontempo-br/book-downloader-api/api/resources/book_status.go:31.46,33.3 1 0
github.com/hbontempo-br/book-downloader-api/utils/book_downloader.go:20.35,22.2 1 0
github.com/hbontempo-br/book-downloader-api/utils/book_downloader.go:24.69,26.2 1 0
github.com/hbontempo-br/book-downloader-api/utils/book_downloader.go:35.113,40.32 3 0
github.com/hbontempo-br/book-downloader-api/utils/book_downloader.go:51.2,52.19 2 0
github.com/hbontempo-br/book-downloader-api/utils/book_downloader.go:61.2,61.9 1 0
github.com/hbontempo-br/book-downloader-api/utils/book_downloader.go:78.2,78.8 1 0
github.com/hbontempo-br/book-downloader-api/utils/book_downloader.go:40.32,42.68 1 0
github.com/hbontempo-br/book-downloader-api/utils/book_downloader.go:48.3,48.17 1 0
github.com/hbontempo-br/book-downloader-api/utils/book_downloader.go:42.68,45.5 2 0
github.com/hbontempo-br/book-downloader-api/utils/book_downloader.go:52.19,53.16 1 0
github.com/hbontempo-br/book-downloader-api/utils/book_downloader.go:53.16,54.60 1 0
github.com/hbontempo-br/book-downloader-api/utils/book_downloader.go:54.60,57.5 2 0
github.com/hbontempo-br/book-downloader-api/utils/book_downloader.go:62.57,63.66 1 0
github.com/hbontempo-br/book-downloader-api/utils/book_downloader.go:67.3,67.62 1 0
github.com/hbontempo-br/book-downloader-api/utils/book_downloader.go:68.64,70.18 2 0
github.com/hbontempo-br/book-downloader-api/utils/book_downloader.go:71.17,73.39 2 0
github.com/hbontempo-br/book-downloader-api/utils/book_downloader.go:74.10,76.26 2 0
github.com/hbontempo-br/book-downloader-api/utils/book_downloader.go:63.66,66.4 2 0
github.com/hbontempo-br/book-downloader-api/utils/book_downloader.go:81.52,85.6 3 0
github.com/hbontempo-br/book-downloader-api/utils/book_downloader.go:103.2,104.12 2 0
github.com/hbontempo-br/book-downloader-api/utils/book_downloader.go:85.6,90.17 4 0
github.com/hbontempo-br/book-downloader-api/utils/book_downloader.go:94.3,94.15 1 0
github.com/hbontempo-br/book-downloader-api/utils/book_downloader.go:98.3,100.15 2 0
github.com/hbontempo-br/book-downloader-api/utils/book_downloader.go:90.17,92.4 1 0
github.com/hbontempo-br/book-downloader-api/utils/book_downloader.go:94.15,95.9 1 0
github.com/hbontempo-br/book-downloader-api/utils/book_downloader.go:107.53,111.15 3 0
github.com/hbontempo-br/book-downloader-api/utils/book_downloader.go:118.2,119.36 2 0
github.com/hbontempo-br/book-downloader-api/utils/book_downloader.go:129.2,129.60 1 0
github.com/hbontempo-br/book-downloader-api/utils/book_downloader.go:134.2,135.12 2 0
github.com/hbontempo-br/book-downloader-api/utils/book_downloader.go:111.15,112.53 1 0
github.com/hbontempo-br/book-downloader-api/utils/book_downloader.go:112.53,115.4 2 0
github.com/hbontempo-br/book-downloader-api/utils/book_downloader.go:119.36,123.92 3 0
github.com/hbontempo-br/book-downloader-api/utils/book_downloader.go:123.92,126.4 2 0
github.com/hbontempo-br/book-downloader-api/utils/book_downloader.go:129.60,132.3 2 0
github.com/hbontempo-br/book-downloader-api/utils/book_downloader.go:138.58,139.46 1 0
github.com/hbontempo-br/book-downloader-api/utils/book_downloader.go:142.2,142.41 1 0
github.com/hbontempo-br/book-downloader-api/utils/book_downloader.go:145.2,145.22 1 0
github.com/hbontempo-br/book-downloader-api/utils/book_downloader.go:139.46,141.3 1 0
github.com/hbontempo-br/book-downloader-api/utils/book_downloader.go:142.41,144.3 1 0
github.com/hbontempo-br/book-downloader-api/utils/file_storage.go:24.40,26.2 1 0
github.com/hbontempo-br/book-downloader-api/utils/file_storage.go:33.101,37.2 3 0
github.com/hbontempo-br/book-downloader-api/utils/file_storage.go:47.51,49.16 2 0
github.com/hbontempo-br/book-downloader-api/utils/file_storage.go:53.2,54.12 2 0
github.com/hbontempo-br/book-downloader-api/utils/file_storage.go:49.16,52.3 2 0
github.com/hbontempo-br/book-downloader-api/utils/file_storage.go:57.84,59.52 2 0
github.com/hbontempo-br/book-downloader-api/utils/file_storage.go:63.2,65.16 3 0
github.com/hbontempo-br/book-downloader-api/utils/file_storage.go:69.2,71.40 2 0
github.com/hbontempo-br/book-downloader-api/utils/file_storage.go:76.2,76.117 1 0
github.com/hbontempo-br/book-downloader-api/utils/file_storage.go:81.2,81.12 1 0
github.com/hbontempo-br/book-downloader-api/utils/file_storage.go:59.52,62.3 2 0
github.com/hbontempo-br/book-downloader-api/utils/file_storage.go:65.16,68.3 2 0
github.com/hbontempo-br/book-downloader-api/utils/file_storage.go:71.40,74.3 2 0
github.com/hbontempo-br/book-downloader-api/utils/file_storage.go:76.117,79.3 2 0
github.com/hbontempo-br/book-downloader-api/utils/file_storage.go:84.78,86.16 2 0
github.com/hbontempo-br/book-downloader-api/utils/file_storage.go:90.2,90.20 1 0
github.com/hbontempo-br/book-downloader-api/utils/file_storage.go:86.16,89.3 2 0
github.com/hbontempo-br/book-downloader-api/utils/file_storage.go:93.113,97.16 4 0
github.com/hbontempo-br/book-downloader-api/utils/file_storage.go:102.2,102.26 1 0
github.com/hbontempo-br/book-downloader-api/utils/file_storage.go:97.16,100.3 2 0
github.com/hbontempo-br/book-downloader-api/utils/http_error.go:9.79,16.2 2 0
github.com/hbontempo-br/book-downloader-api/utils/log.go:12.32,14.2 1 0
github.com/hbontempo-br/book-downloader-api/utils/log.go:17.48,20.13 2 0
github.com/hbontempo-br/book-downloader-api/utils/log.go:29.2,33.16 5 0
github.com/hbontempo-br/book-downloader-api/utils/log.go:37.2,38.20 2 0
github.com/hbontempo-br/book-downloader-api/utils/log.go:21.13,22.38 1 0
github.com/hbontempo-br/book-downloader-api/utils/log.go:23.14,24.37 1 0
github.com/hbontempo-br/book-downloader-api/utils/log.go:25.10,26.38 1 0
github.com/hbontempo-br/book-downloader-api/utils/log.go:33.16,35.3 1 0
github.com/hbontempo-br/book-downloader-api/utils/mysql_connector.go:13.96,15.2 1 0
github.com/hbontempo-br/book-downloader-api/utils/mysql_connector.go:26.56,30.16 4 0
github.com/hbontempo-br/book-downloader-api/utils/mysql_connector.go:36.2,42.20 6 0
github.com/hbontempo-br/book-downloader-api/utils/mysql_connector.go:30.16,33.3 2 0
github.com/hbontempo-br/book-downloader-api/utils/mysql_connector.go:45.53,47.2 1 0
